<?xml version="1.0" encoding="UTF-8"?>
<!-- Generated by org.testng.reporters.JUnitReportReporter -->
<testsuite hostname="LENOVO-PC" name="TestScripts.LoginTC" tests="1" failures="0" timestamp="28 Jun 2019 19:59:09 GMT" time="0.026" errors="0">
  <testcase name="loginTC" time="0.026" classname="TestScripts.LoginTC"/>
</testsuite> <!-- TestScripts.LoginTC -->
