<?xml version="1.0" encoding="UTF-8"?>
<!-- Generated by org.testng.reporters.JUnitReportReporter -->
<testsuite hostname="LENOVO-PC" name="TestScripts.LoginTC" tests="2" failures="0" timestamp="29 Jun 2019 11:08:09 GMT" time="0.043" errors="0">
  <testcase name="logout" time="0.003" classname="TestScripts.LoginTC"/>
  <testcase name="loginTC" time="0.040" classname="TestScripts.LoginTC"/>
</testsuite> <!-- TestScripts.LoginTC -->
